0 info it worked if it ends with ok
1 verbose cli [ '/usr/local/bin/node',
1 verbose cli   '/usr/local/bin/npm',
1 verbose cli   'run',
1 verbose cli   'release',
1 verbose cli   '--env',
1 verbose cli   'patch' ]
2 info using npm@3.8.6
3 info using node@v6.0.0
4 verbose run-script [ 'prerelease', 'release', 'postrelease' ]
5 info lifecycle trvia-api@1.0.5~prerelease: trvia-api@1.0.5
6 silly lifecycle trvia-api@1.0.5~prerelease: no script for prerelease, continuing
7 info lifecycle trvia-api@1.0.5~release: trvia-api@1.0.5
8 verbose lifecycle trvia-api@1.0.5~release: unsafe-perm in lifecycle true
9 verbose lifecycle trvia-api@1.0.5~release: PATH: /usr/local/lib/node_modules/npm/bin/node-gyp-bin:/Users/jackthomson/Library/Mobile Documents/com~apple~CloudDocs/GitHub/Managed Projects/trvia-api/node_modules/.bin:/usr/local/bin:/Users/jackthomson/.yarn/bin:/Users/jackthomson/.config/yarn/global/node_modules/.bin:/Users/jackthomson/Library/Android/sdk//tools:/Users/jackthomson/Library/Android/sdk//platform-tools:/Library/Java/JavaVirtualMachines/jdk1.8.0_151.jdk/Contents/Home/bin:/usr/local/bin:/usr/bin:/bin:/usr/sbin:/sbin:/usr/local/share/dotnet:/Library/Frameworks/Mono.framework/Versions/Current/Commands:/Applications/Xamarin Workbooks.app/Contents/SharedSupport/path-bin:/Users/jackthomson/.yarn/bin:/Users/jackthomson/.config/yarn/global/node_modules/.bin:/Users/jackthomson/Library/Android/sdk//tools:/Users/jackthomson/Library/Android/sdk//platform-tools:/Library/Java/JavaVirtualMachines/jdk1.8.0_151.jdk/Contents/Home/bin:/Library/gradle/gradle-3.2/bin:/Library/gradle/gradle-3.2/bin
10 verbose lifecycle trvia-api@1.0.5~release: CWD: /Users/jackthomson/Library/Mobile Documents/com~apple~CloudDocs/GitHub/Managed Projects/trvia-api
11 silly lifecycle trvia-api@1.0.5~release: Args: [ '-c', 'npm && npm run build:prod "patch"' ]
12 silly lifecycle trvia-api@1.0.5~release: Returned: code: 1  signal: null
13 info lifecycle trvia-api@1.0.5~release: Failed to exec release script
14 verbose stack Error: trvia-api@1.0.5 release: `npm && npm run build:prod "patch"`
14 verbose stack Exit status 1
14 verbose stack     at EventEmitter.<anonymous> (/usr/local/lib/node_modules/npm/lib/utils/lifecycle.js:239:16)
14 verbose stack     at emitTwo (events.js:106:13)
14 verbose stack     at EventEmitter.emit (events.js:191:7)
14 verbose stack     at ChildProcess.<anonymous> (/usr/local/lib/node_modules/npm/lib/utils/spawn.js:24:14)
14 verbose stack     at emitTwo (events.js:106:13)
14 verbose stack     at ChildProcess.emit (events.js:191:7)
14 verbose stack     at maybeClose (internal/child_process.js:850:16)
14 verbose stack     at Process.ChildProcess._handle.onexit (internal/child_process.js:215:5)
15 verbose pkgid trvia-api@1.0.5
16 verbose cwd /Users/jackthomson/Library/Mobile Documents/com~apple~CloudDocs/GitHub/Managed Projects/trvia-api
17 error Darwin 17.4.0
18 error argv "/usr/local/bin/node" "/usr/local/bin/npm" "run" "release" "--env" "patch"
19 error node v6.0.0
20 error npm  v3.8.6
21 error code ELIFECYCLE
22 error trvia-api@1.0.5 release: `npm && npm run build:prod "patch"`
22 error Exit status 1
23 error Failed at the trvia-api@1.0.5 release script 'npm && npm run build:prod "patch"'.
23 error Make sure you have the latest version of node.js and npm installed.
23 error If you do, this is most likely a problem with the trvia-api package,
23 error not with npm itself.
23 error Tell the author that this fails on your system:
23 error     npm && npm run build:prod "patch"
23 error You can get information on how to open an issue for this project with:
23 error     npm bugs trvia-api
23 error Or if that isn't available, you can get their info via:
23 error     npm owner ls trvia-api
23 error There is likely additional logging output above.
24 verbose exit [ 1, true ]
